#
# A fatal error has been detected by the Java Runtime Environment:
#
#  EXCEPTION_ACCESS_VIOLATION (0xc0000005) at pc=0x6cb07396, pid=8232, tid=0x0000466c
#
# JRE version: Java(TM) SE Runtime Environment (8.0_171-b11) (build 1.8.0_171-b11)
# Java VM: Java HotSpot(TM) Client VM (25.171-b11 mixed mode windows-x86 )
# Problematic frame:
# C  [awt.dll+0xa7396]
#
# Failed to write core dump. Minidumps are not enabled by default on client versions of Windows
#
# If you would like to submit a bug report, please visit:
#   http://bugreport.java.com/bugreport/crash.jsp
# The crash happened outside the Java Virtual Machine in native code.
# See problematic frame for where to report the bug.
#

---------------  T H R E A D  ---------------

Current thread (0x14a44800):  JavaThread "AWT-Windows" daemon [_thread_in_native, id=18028, stack(0x14f70000,0x14fc0000)]

siginfo: ExceptionCode=0xc0000005, reading address 0x00000000

Registers:
EAX=0x00000000, EBX=0x14a44940, ECX=0x00000000, EDX=0x00000000
ESP=0x14fbe550, EBP=0x14fbe580, ESI=0x16305050, EDI=0x00000000
EIP=0x6cb07396, EFLAGS=0x00210246

Top of Stack: (sp=0x14fbe550)
0x14fbe550:   7378c80b 00491986 00009824 00000001
0x14fbe560:   01438270 00000000 14a44940 76ac0000
0x14fbe570:   14fbe550 14fbe688 6cb181b8 00000001
0x14fbe580:   14fbe5ac 76af5267 00491986 00009824
0x14fbe590:   16305050 00000000 00009824 dcbaabcd
0x14fbe5a0:   00000001 00491986 00009824 14fbe698
0x14fbe5b0:   76ad185c 6cb06b80 00491986 00009824
0x14fbe5c0:   16305050 00000000 a06fac71 40000000 

Instructions: (pc=0x6cb07396)
0x6cb07376:   75 10 8b 0b 8b 81 94 01 00 00 52 56 53 ff d0 8b
0x6cb07386:   4d 14 8b f9 c1 ef 10 0f bf ff 0f bf c9 89 55 e4
0x6cb07396:   8b 10 8b 92 28 01 00 00 57 51 8b c8 ff d2 8b 03
0x6cb073a6:   8b 48 58 56 53 ff d1 8b 13 8b 42 50 6a 00 53 c6 


Register to memory mapping:

EAX=0x00000000 is an unknown value
EBX=0x14a44940 is an unknown value
ECX=0x00000000 is an unknown value
EDX=0x00000000 is an unknown value
ESP=0x14fbe550 is pointing into the stack for thread: 0x14a44800
EBP=0x14fbe580 is pointing into the stack for thread: 0x14a44800
ESI=0x16305050 is a global jni handle
EDI=0x00000000 is an unknown value


Stack: [0x14f70000,0x14fc0000],  sp=0x14fbe550,  free space=313k
Native frames: (J=compiled Java code, j=interpreted, Vv=VM code, C=native code)
C  [awt.dll+0xa7396]
C  [USER32.dll+0x35267]
C  [USER32.dll+0x1185c]
C  [USER32.dll+0x1153f]
C  [USER32.dll+0x23b5f]
C  [ntdll.dll+0x8fb9d]
C  [awt.dll+0xa668d]

Java frames: (J=compiled Java code, j=interpreted, Vv=VM code)
j  sun.awt.windows.WToolkit.eventLoop()V+0
j  sun.awt.windows.WToolkit.run()V+58
j  java.lang.Thread.run()V+11
v  ~StubRoutines::call_stub

---------------  P R O C E S S  ---------------

Java Threads: ( => current thread )
  0x16373400 JavaThread "Thread-0" daemon [_thread_in_native, id=9184, stack(0x17b60000,0x17bb0000)]
  0x16372800 JavaThread "SIGTERM handler" daemon [_thread_blocked, id=4784, stack(0x17ac0000,0x17b10000)]
  0x1648a400 JavaThread "TimerQueue" daemon [_thread_blocked, id=10364, stack(0x17980000,0x179d0000)]
  0x012ed800 JavaThread "DestroyJavaVM" [_thread_blocked, id=12296, stack(0x01230000,0x01280000)]
  0x16300800 JavaThread "AWT-EventQueue-0" [_thread_in_native, id=1748, stack(0x167b0000,0x16800000)]
=>0x14a44800 JavaThread "AWT-Windows" daemon [_thread_in_native, id=18028, stack(0x14f70000,0x14fc0000)]
  0x14a44000 JavaThread "AWT-Shutdown" [_thread_blocked, id=7176, stack(0x14ed0000,0x14f20000)]
  0x14a2ec00 JavaThread "Java2D Disposer" daemon [_thread_blocked, id=14964, stack(0x14e80000,0x14ed0000)]
  0x148efc00 JavaThread "Service Thread" daemon [_thread_blocked, id=2436, stack(0x14ca0000,0x14cf0000)]
  0x148ef000 JavaThread "C1 CompilerThread0" daemon [_thread_blocked, id=6780, stack(0x14c50000,0x14ca0000)]
  0x148ee800 JavaThread "Monitor Ctrl-Break" daemon [_thread_in_native, id=17716, stack(0x14c00000,0x14c50000)]
  0x1488dc00 JavaThread "Attach Listener" daemon [_thread_blocked, id=15240, stack(0x14bb0000,0x14c00000)]
  0x1487a400 JavaThread "Signal Dispatcher" daemon [_thread_blocked, id=15612, stack(0x14b60000,0x14bb0000)]
  0x14878800 JavaThread "Finalizer" daemon [_thread_blocked, id=7584, stack(0x04390000,0x043e0000)]
  0x14866400 JavaThread "Reference Handler" daemon [_thread_blocked, id=13528, stack(0x04340000,0x04390000)]

Other Threads:
  0x022ae800 VMThread [stack: 0x01290000,0x012e0000] [id=2264]
  0x1492c800 WatcherThread [stack: 0x14cf0000,0x14d40000] [id=16976]

VM state:not at safepoint (normal execution)

VM Mutex/Monitor currently owned by a thread: None

Heap:
 def new generation   total 4928K, used 3768K [0x04400000, 0x04950000, 0x09950000)
  eden space 4416K,  85% used [0x04400000, 0x047ae1d0, 0x04850000)
  from space 512K,   0% used [0x048d0000, 0x048d01e8, 0x04950000)
  to   space 512K,   0% used [0x04850000, 0x04850000, 0x048d0000)
 tenured generation   total 10944K, used 8646K [0x09950000, 0x0a400000, 0x14400000)
   the space 10944K,  79% used [0x09950000, 0x0a1c19d0, 0x0a1c1a00, 0x0a400000)
 Metaspace       used 7624K, capacity 7801K, committed 7936K, reserved 8576K

Card table byte_map: [0x042b0000,0x04340000] byte_map_base: 0x0428e000

Polling page: 0x010f0000

CodeCache: size=32768Kb used=1324Kb max_used=1324Kb free=31443Kb
 bounds [0x022b0000, 0x02400000, 0x042b0000]
 total_blobs=768 nmethods=534 adapters=165
 compilation: enabled

Compilation events (10 events):
Event: 1314.222 Thread 0x148ef000  529             javax.swing.plaf.basic.BasicTextUI::modelToView (10 bytes)
Event: 1314.222 Thread 0x148ef000 nmethod 529 0x023fa288 code [0x023fa390, 0x023fa42c]
Event: 1314.222 Thread 0x148ef000  530             sun.awt.windows.WInputMethod::access$300 (5 bytes)
Event: 1314.222 Thread 0x148ef000 nmethod 530 0x023fa488 code [0x023fa580, 0x023fa5f0]
Event: 1314.222 Thread 0x148ef000  531             sun.awt.windows.WInputMethod::access$400 (8 bytes)
Event: 1314.222 Thread 0x148ef000 nmethod 531 0x023fa648 code [0x023fa740, 0x023fa7dc]
Event: 1315.305 Thread 0x148ef000  533 %           java.awt.EventDispatchThread::pumpEventsForFilter @ 10 (47 bytes)
Event: 1315.305 Thread 0x148ef000 nmethod 533% 0x023fa888 code [0x023fa9c0, 0x023fabac]
Event: 1316.996 Thread 0x148ef000  534             java.awt.EventQueue::postEvent (13 bytes)
Event: 1316.996 Thread 0x148ef000 nmethod 534 0x023fad08 code [0x023fae30, 0x023faf44]

GC Heap History (10 events):
Event: 1430.261 GC heap before
{Heap before GC invocations=140 (full 0):
 def new generation   total 4928K, used 4416K [0x04400000, 0x04950000, 0x09950000)
  eden space 4416K, 100% used [0x04400000, 0x04850000, 0x04850000)
  from space 512K,   0% used [0x04850000, 0x048501e8, 0x048d0000)
  to   space 512K,   0% used [0x048d0000, 0x048d0000, 0x04950000)
 tenured generation   total 10944K, used 8646K [0x09950000, 0x0a400000, 0x14400000)
   the space 10944K,  79% used [0x09950000, 0x0a1c19d0, 0x0a1c1a00, 0x0a400000)
 Metaspace       used 7619K, capacity 7794K, committed 7936K, reserved 8576K
Event: 1430.262 GC heap after
Heap after GC invocations=141 (full 0):
 def new generation   total 4928K, used 0K [0x04400000, 0x04950000, 0x09950000)
  eden space 4416K,   0% used [0x04400000, 0x04400000, 0x04850000)
  from space 512K,   0% used [0x048d0000, 0x048d01e8, 0x04950000)
  to   space 512K,   0% used [0x04850000, 0x04850000, 0x048d0000)
 tenured generation   total 10944K, used 8646K [0x09950000, 0x0a400000, 0x14400000)
   the space 10944K,  79% used [0x09950000, 0x0a1c19d0, 0x0a1c1a00, 0x0a400000)
 Metaspace       used 7619K, capacity 7794K, committed 7936K, reserved 8576K
}
Event: 1431.114 GC heap before
{Heap before GC invocations=141 (full 0):
 def new generation   total 4928K, used 4416K [0x04400000, 0x04950000, 0x09950000)
  eden space 4416K, 100% used [0x04400000, 0x04850000, 0x04850000)
  from space 512K,   0% used [0x048d0000, 0x048d01e8, 0x04950000)
  to   space 512K,   0% used [0x04850000, 0x04850000, 0x048d0000)
 tenured generation   total 10944K, used 8646K [0x09950000, 0x0a400000, 0x14400000)
   the space 10944K,  79% used [0x09950000, 0x0a1c19d0, 0x0a1c1a00, 0x0a400000)
 Metaspace       used 7619K, capacity 7794K, committed 7936K, reserved 8576K
Event: 1431.115 GC heap after
Heap after GC invocations=142 (full 0):
 def new generation   total 4928K, used 0K [0x04400000, 0x04950000, 0x09950000)
  eden space 4416K,   0% used [0x04400000, 0x04400000, 0x04850000)
  from space 512K,   0% used [0x04850000, 0x048501e8, 0x048d0000)
  to   space 512K,   0% used [0x048d0000, 0x048d0000, 0x04950000)
 tenured generation   total 10944K, used 8646K [0x09950000, 0x0a400000, 0x14400000)
   the space 10944K,  79% used [0x09950000, 0x0a1c19d0, 0x0a1c1a00, 0x0a400000)
 Metaspace       used 7619K, capacity 7794K, committed 7936K, reserved 8576K
}
Event: 1431.987 GC heap before
{Heap before GC invocations=142 (full 0):
 def new generation   total 4928K, used 4416K [0x04400000, 0x04950000, 0x09950000)
  eden space 4416K, 100% used [0x04400000, 0x04850000, 0x04850000)
  from space 512K,   0% used [0x04850000, 0x048501e8, 0x048d0000)
  to   space 512K,   0% used [0x048d0000, 0x048d0000, 0x04950000)
 tenured generation   total 10944K, used 8646K [0x09950000, 0x0a400000, 0x14400000)
   the space 10944K,  79% used [0x09950000, 0x0a1c19d0, 0x0a1c1a00, 0x0a400000)
 Metaspace       used 7619K, capacity 7794K, committed 7936K, reserved 8576K
Event: 1431.987 GC heap after
Heap after GC invocations=143 (full 0):
 def new generation   total 4928K, used 0K [0x04400000, 0x04950000, 0x09950000)
  eden space 4416K,   0% used [0x04400000, 0x04400000, 0x04850000)
  from space 512K,   0% used [0x048d0000, 0x048d01e8, 0x04950000)
  to   space 512K,   0% used [0x04850000, 0x04850000, 0x048d0000)
 tenured generation   total 10944K, used 8646K [0x09950000, 0x0a400000, 0x14400000)
   the space 10944K,  79% used [0x09950000, 0x0a1c19d0, 0x0a1c1a00, 0x0a400000)
 Metaspace       used 7619K, capacity 7794K, committed 7936K, reserved 8576K
}
Event: 1432.846 GC heap before
{Heap before GC invocations=143 (full 0):
 def new generation   total 4928K, used 4416K [0x04400000, 0x04950000, 0x09950000)
  eden space 4416K, 100% used [0x04400000, 0x04850000, 0x04850000)
  from space 512K,   0% used [0x048d0000, 0x048d01e8, 0x04950000)
  to   space 512K,   0% used [0x04850000, 0x04850000, 0x048d0000)
 tenured generation   total 10944K, used 8646K [0x09950000, 0x0a400000, 0x14400000)
   the space 10944K,  79% used [0x09950000, 0x0a1c19d0, 0x0a1c1a00, 0x0a400000)
 Metaspace       used 7619K, capacity 7794K, committed 7936K, reserved 8576K
Event: 1432.847 GC heap after
Heap after GC invocations=144 (full 0):
 def new generation   total 4928K, used 0K [0x04400000, 0x04950000, 0x09950000)
  eden space 4416K,   0% used [0x04400000, 0x04400000, 0x04850000)
  from space 512K,   0% used [0x04850000, 0x048501e8, 0x048d0000)
  to   space 512K,   0% used [0x048d0000, 0x048d0000, 0x04950000)
 tenured generation   total 10944K, used 8646K [0x09950000, 0x0a400000, 0x14400000)
   the space 10944K,  79% used [0x09950000, 0x0a1c19d0, 0x0a1c1a00, 0x0a400000)
 Metaspace       used 7619K, capacity 7794K, committed 7936K, reserved 8576K
}
Event: 1433.780 GC heap before
{Heap before GC invocations=144 (full 0):
 def new generation   total 4928K, used 4416K [0x04400000, 0x04950000, 0x09950000)
  eden space 4416K, 100% used [0x04400000, 0x04850000, 0x04850000)
  from space 512K,   0% used [0x04850000, 0x048501e8, 0x048d0000)
  to   space 512K,   0% used [0x048d0000, 0x048d0000, 0x04950000)
 tenured generation   total 10944K, used 8646K [0x09950000, 0x0a400000, 0x14400000)
   the space 10944K,  79% used [0x09950000, 0x0a1c19d0, 0x0a1c1a00, 0x0a400000)
 Metaspace       used 7619K, capacity 7794K, committed 7936K, reserved 8576K
Event: 1433.781 GC heap after
Heap after GC invocations=145 (full 0):
 def new generation   total 4928K, used 0K [0x04400000, 0x04950000, 0x09950000)
  eden space 4416K,   0% used [0x04400000, 0x04400000, 0x04850000)
  from space 512K,   0% used [0x048d0000, 0x048d01e8, 0x04950000)
  to   space 512K,   0% used [0x04850000, 0x04850000, 0x048d0000)
 tenured generation   total 10944K, used 8646K [0x09950000, 0x0a400000, 0x14400000)
   the space 10944K,  79% used [0x09950000, 0x0a1c19d0, 0x0a1c1a00, 0x0a400000)
 Metaspace       used 7619K, capacity 7794K, committed 7936K, reserved 8576K
}

Deoptimization events (0 events):
No events

Classes redefined (0 events):
No events

Internal exceptions (10 events):
Event: 0.471 Thread 0x012ed800 Exception <a 'java/security/PrivilegedActionException'> (0x0460de58) thrown at [C:\re\workspace\8-2-build-windows-i586-cygwin\jdk8u171\10807\hotspot\src\share\vm\prims\jvm.cpp, line 1435]
Event: 0.471 Thread 0x012ed800 Exception <a 'java/security/PrivilegedActionException'> (0x0460e058) thrown at [C:\re\workspace\8-2-build-windows-i586-cygwin\jdk8u171\10807\hotspot\src\share\vm\prims\jvm.cpp, line 1435]
Event: 0.472 Thread 0x012ed800 Exception <a 'java/security/PrivilegedActionException'> (0x04611b00) thrown at [C:\re\workspace\8-2-build-windows-i586-cygwin\jdk8u171\10807\hotspot\src\share\vm\prims\jvm.cpp, line 1435]
Event: 0.472 Thread 0x012ed800 Exception <a 'java/security/PrivilegedActionException'> (0x04611d00) thrown at [C:\re\workspace\8-2-build-windows-i586-cygwin\jdk8u171\10807\hotspot\src\share\vm\prims\jvm.cpp, line 1435]
Event: 0.500 Thread 0x012ed800 Exception <a 'java/io/FileNotFoundException'> (0x04621f68) thrown at [C:\re\workspace\8-2-build-windows-i586-cygwin\jdk8u171\10807\hotspot\src\share\vm\prims\jni.cpp, line 709]
Event: 0.598 Thread 0x012ed800 Exception <a 'java/lang/NoSuchFieldError': method resolution failed> (0x047712d0) thrown at [C:\re\workspace\8-2-build-windows-i586-cygwin\jdk8u171\10807\hotspot\src\share\vm\prims\methodHandles.cpp, line 1167]
Event: 0.601 Thread 0x012ed800 Exception <a 'java/lang/NoSuchFieldError': method resolution failed> (0x0477df08) thrown at [C:\re\workspace\8-2-build-windows-i586-cygwin\jdk8u171\10807\hotspot\src\share\vm\prims\methodHandles.cpp, line 1167]
Event: 0.719 Thread 0x012ed800 Exception <a 'java/io/FileNotFoundException'> (0x0447ca88) thrown at [C:\re\workspace\8-2-build-windows-i586-cygwin\jdk8u171\10807\hotspot\src\share\vm\prims\jni.cpp, line 709]
Event: 1.197 Thread 0x012ed800 Exception <a 'java/io/FileNotFoundException'> (0x0440f6a8) thrown at [C:\re\workspace\8-2-build-windows-i586-cygwin\jdk8u171\10807\hotspot\src\share\vm\prims\jni.cpp, line 709]
Event: 1.269 Thread 0x012ed800 Exception <a 'java/io/FileNotFoundException'> (0x04520710) thrown at [C:\re\workspace\8-2-build-windows-i586-cygwin\jdk8u171\10807\hotspot\src\share\vm\prims\jni.cpp, line 709]

Events (10 events):
Event: 1432.846 Executing VM operation: GenCollectForAllocation
Event: 1432.847 Executing VM operation: GenCollectForAllocation done
Event: 1433.780 Executing VM operation: GenCollectForAllocation
Event: 1433.781 Executing VM operation: GenCollectForAllocation done
Event: 1435.798 loading class sun/misc/Signal$1
Event: 1435.798 loading class sun/misc/Signal$1 done
Event: 1435.798 Thread 0x16372800 Thread added: 0x16372800
Event: 1435.803 Thread 0x16373000 Thread added: 0x16373000
Event: 1435.803 Thread 0x16373400 Thread added: 0x16373400
Event: 1435.807 Thread 0x16373000 Thread exited: 0x16373000


Dynamic libraries:
0x01320000 - 0x01353000 	C:\Program Files\Java\jdk1.8.0_171\bin\java.exe
0x77570000 - 0x77700000 	C:\WINDOWS\SYSTEM32\ntdll.dll
0x76340000 - 0x763d8000 	C:\WINDOWS\System32\KERNEL32.DLL
0x74490000 - 0x74676000 	C:\WINDOWS\System32\KERNELBASE.dll
0x72310000 - 0x723ad000 	C:\WINDOWS\SYSTEM32\apphelp.dll
0x76600000 - 0x76678000 	C:\WINDOWS\System32\ADVAPI32.dll
0x76ca0000 - 0x76d5f000 	C:\WINDOWS\System32\msvcrt.dll
0x76df0000 - 0x76e34000 	C:\WINDOWS\System32\sechost.dll
0x763f0000 - 0x764b7000 	C:\WINDOWS\System32\RPCRT4.dll
0x76ac0000 - 0x76c35000 	C:\WINDOWS\System32\USER32.dll
0x741e0000 - 0x741fb000 	C:\WINDOWS\System32\win32u.dll
0x765d0000 - 0x765f2000 	C:\WINDOWS\System32\GDI32.dll
0x74070000 - 0x741d7000 	C:\WINDOWS\System32\gdi32full.dll
0x74200000 - 0x7427d000 	C:\WINDOWS\System32\msvcp_win.dll
0x74370000 - 0x7448e000 	C:\WINDOWS\System32\ucrtbase.dll
0x637a0000 - 0x639a4000 	C:\WINDOWS\WinSxS\x86_microsoft.windows.common-controls_6595b64144ccf1df_6.0.17134.48_none_fc5f584151310644\COMCTL32.dll
0x76e40000 - 0x7709c000 	C:\WINDOWS\System32\combase.dll
0x74310000 - 0x74368000 	C:\WINDOWS\System32\bcryptPrimitives.dll
0x76850000 - 0x76876000 	C:\WINDOWS\System32\IMM32.DLL
0x63170000 - 0x6322f000 	C:\Program Files\Java\jdk1.8.0_171\jre\bin\msvcr100.dll
0x6cc50000 - 0x6d021000 	C:\Program Files\Java\jdk1.8.0_171\jre\bin\client\jvm.dll
0x76880000 - 0x76886000 	C:\WINDOWS\System32\PSAPI.DLL
0x669b0000 - 0x669b8000 	C:\WINDOWS\SYSTEM32\WSOCK32.dll
0x76890000 - 0x768f7000 	C:\WINDOWS\System32\WS2_32.dll
0x6f1c0000 - 0x6f1e4000 	C:\WINDOWS\SYSTEM32\WINMM.dll
0x6f170000 - 0x6f178000 	C:\WINDOWS\SYSTEM32\VERSION.dll
0x6ef10000 - 0x6ef33000 	C:\WINDOWS\SYSTEM32\WINMMBASE.dll
0x74680000 - 0x746b9000 	C:\WINDOWS\System32\cfgmgr32.dll
0x723f0000 - 0x723fc000 	C:\Program Files\Java\jdk1.8.0_171\jre\bin\verify.dll
0x6b990000 - 0x6b9b2000 	C:\Program Files\Java\jdk1.8.0_171\jre\bin\java.dll
0x63700000 - 0x63720000 	C:\Program Files\Java\jdk1.8.0_171\jre\bin\instrument.dll
0x63430000 - 0x63444000 	C:\Program Files\Java\jdk1.8.0_171\jre\bin\zip.dll
0x74ff0000 - 0x7633a000 	C:\WINDOWS\System32\SHELL32.dll
0x76d60000 - 0x76de9000 	C:\WINDOWS\System32\shcore.dll
0x746c0000 - 0x74c7a000 	C:\WINDOWS\System32\windows.storage.dll
0x76900000 - 0x76945000 	C:\WINDOWS\System32\shlwapi.dll
0x74000000 - 0x7400f000 	C:\WINDOWS\System32\kernel.appcore.dll
0x73fd0000 - 0x73fe8000 	C:\WINDOWS\System32\profapi.dll
0x73f80000 - 0x73fc5000 	C:\WINDOWS\System32\powrprof.dll
0x73ff0000 - 0x73ff8000 	C:\WINDOWS\System32\FLTLIB.DLL
0x63100000 - 0x63116000 	C:\Program Files\JetBrains\IntelliJ IDEA 2018.1.4\bin\breakgen.dll
0x630e0000 - 0x630f5000 	C:\Program Files\Java\jdk1.8.0_171\jre\bin\net.dll
0x73910000 - 0x73968000 	C:\WINDOWS\system32\mswsock.dll
0x6ca60000 - 0x6cba5000 	C:\Program Files\Java\jdk1.8.0_171\jre\bin\awt.dll
0x770a0000 - 0x77136000 	C:\WINDOWS\System32\OLEAUT32.dll
0x72c40000 - 0x72c63000 	C:\WINDOWS\system32\DWMAPI.DLL
0x72870000 - 0x728ec000 	C:\WINDOWS\system32\uxtheme.dll
0x59fd0000 - 0x5a0a9000 	C:\WINDOWS\system32\opengl32.dll
0x6dad0000 - 0x6db0f000 	C:\WINDOWS\SYSTEM32\GLU32.dll
0x76700000 - 0x76844000 	C:\WINDOWS\System32\MSCTF.dll
0x764d0000 - 0x765cc000 	C:\WINDOWS\System32\ole32.dll
0x62fc0000 - 0x62ff9000 	C:\Program Files\Java\jdk1.8.0_171\jre\bin\fontmanager.dll
0x76a30000 - 0x76ab3000 	C:\WINDOWS\System32\clbcatq.dll
0x726f0000 - 0x72861000 	C:\WINDOWS\SYSTEM32\WindowsCodecs.dll
0x72420000 - 0x7246f000 	C:\WINDOWS\system32\dataexchange.dll
0x71520000 - 0x71772000 	C:\WINDOWS\system32\d3d11.dll
0x71ca0000 - 0x71ddc000 	C:\WINDOWS\system32\dcomp.dll
0x72eb0000 - 0x72f48000 	C:\WINDOWS\system32\dxgi.dll
0x708a0000 - 0x70a05000 	C:\WINDOWS\system32\twinapi.appcore.dll
0x70880000 - 0x7089a000 	C:\WINDOWS\system32\RMCLIENT.dll
0x6f200000 - 0x6f20f000 	C:\Program Files\Java\jdk1.8.0_171\jre\bin\nio.dll
0x5a2d0000 - 0x5a302000 	C:\Program Files\Java\jdk1.8.0_171\jre\bin\t2k.dll
0x696e0000 - 0x6975e000 	C:\WINDOWS\System32\TextInputFramework.dll
0x71de0000 - 0x71e86000 	C:\WINDOWS\System32\CoreMessaging.dll
0x70be0000 - 0x70e3d000 	C:\WINDOWS\System32\CoreUIComponents.dll
0x733b0000 - 0x733d9000 	C:\WINDOWS\SYSTEM32\ntmarta.dll
0x70b00000 - 0x70bd6000 	C:\WINDOWS\SYSTEM32\wintypes.dll
0x62f90000 - 0x62fb4000 	C:\Program Files\Java\jdk1.8.0_171\jre\bin\dcpr.dll
0x6f480000 - 0x6f602000 	C:\WINDOWS\SYSTEM32\dbghelp.dll

VM Arguments:
jvm_args: -javaagent:C:\Program Files\JetBrains\IntelliJ IDEA 2018.1.4\lib\idea_rt.jar=54346:C:\Program Files\JetBrains\IntelliJ IDEA 2018.1.4\bin -Dfile.encoding=UTF-8 
java_command: com.kharsh.Main
java_class_path (initial): C:\Program Files\Java\jdk1.8.0_171\jre\lib\charsets.jar;C:\Program Files\Java\jdk1.8.0_171\jre\lib\deploy.jar;C:\Program Files\Java\jdk1.8.0_171\jre\lib\ext\access-bridge.jar;C:\Program Files\Java\jdk1.8.0_171\jre\lib\ext\cldrdata.jar;C:\Program Files\Java\jdk1.8.0_171\jre\lib\ext\dnsns.jar;C:\Program Files\Java\jdk1.8.0_171\jre\lib\ext\jaccess.jar;C:\Program Files\Java\jdk1.8.0_171\jre\lib\ext\jfxrt.jar;C:\Program Files\Java\jdk1.8.0_171\jre\lib\ext\localedata.jar;C:\Program Files\Java\jdk1.8.0_171\jre\lib\ext\nashorn.jar;C:\Program Files\Java\jdk1.8.0_171\jre\lib\ext\sunec.jar;C:\Program Files\Java\jdk1.8.0_171\jre\lib\ext\sunjce_provider.jar;C:\Program Files\Java\jdk1.8.0_171\jre\lib\ext\sunmscapi.jar;C:\Program Files\Java\jdk1.8.0_171\jre\lib\ext\sunpkcs11.jar;C:\Program Files\Java\jdk1.8.0_171\jre\lib\ext\zipfs.jar;C:\Program Files\Java\jdk1.8.0_171\jre\lib\javaws.jar;C:\Program Files\Java\jdk1.8.0_171\jre\lib\jce.jar;C:\Program Files\Java\jdk1.8.0_171\jre\lib\jfr.jar;C:\Program Files\Java\jdk1.8.0_171\jre\lib\jfxswt.jar;C:\Program Files\Java\jdk1.8.0_171\jre\lib\jsse.jar;C:\Program Files\Java\jdk1.8.0_171\jre\lib\management-agent.jar;C:\Program Files\Java\jdk1.8.0_171\jre\lib\plugin.jar;C:\Program Files\Java\jdk1.8.0_171\jre\lib\resources.jar;C:\Program Files\Java\jdk1.8.0_171\jre\lib\rt.jar;C:\Users\Win7\Desktop\TurboC Programs\IJ projects\IdeaProjects\out\production\IdeaProjects;C:\Program Files\JetBrains\IntelliJ IDEA 2018.1.4\lib\idea_rt.jar
Launcher Type: SUN_STANDARD

Environment Variables:
PATH=C:\Program Files\Common Files\Oracle\Java\javapath;C:\Program Files\Intel\iCLS Client\;C:\WINDOWS\system32;C:\WINDOWS;C:\WINDOWS\System32\Wbem;C:\WINDOWS\System32\WindowsPowerShell\v1.0\;C:\Program Files\Intel\WiFi\bin\;C:\Program Files\Common Files\Intel\WirelessCommon\;C:\Program Files\Intel\OpenCL SDK\2.0\bin\x86;C:\Program Files\Intel\Intel(R) Management Engine Components\DAL;C:\Program Files\Intel\Intel(R) Management Engine Components\IPT;C:\Program Files\Windows Live\Shared;C:\Program Files\Skype\Phone\;C:\WINDOWS\System32\OpenSSH\;C:\Program Files\Intel\WiFi\bin\;C:\Program Files\Common Files\Intel\WirelessCommon\;%USERPROFILE%\AppData\Local\Microsoft\WindowsApps;
USERNAME=Win7
OS=Windows_NT
PROCESSOR_IDENTIFIER=x86 Family 6 Model 58 Stepping 9, GenuineIntel



---------------  S Y S T E M  ---------------

OS: Windows 10.0 Build 17134 (10.0.17134.1)

CPU:total 4 (initial active 4) (2 cores per cpu, 2 threads per core) family 6 model 58 stepping 9, cmov, cx8, fxsr, mmx, sse, sse2, sse3, ssse3, sse4.1, sse4.2, popcnt, avx, aes, clmul, erms, ht, tsc, tscinvbit, tscinv

Memory: 4k page, physical 3567528k(838972k free), swap 8595260k(2529824k free)

vm_info: Java HotSpot(TM) Client VM (25.171-b11) for windows-x86 JRE (1.8.0_171-b11), built on Mar 28 2018 14:51:22 by "java_re" with MS VC++ 10.0 (VS2010)

time: Fri Jun 08 00:09:03 2018
elapsed time: 1437 seconds (0d 0h 23m 57s)

